23:51:04 **** Build of configuration Debug for project CC3501-Lab3-TX ****
make all 
Building file: ../Sources/Events.c
Invoking: Cross ARM C Compiler
arm-none-eabi-gcc -mcpu=cortex-m4 -mthumb -O0 -fmessage-length=0 -fsigned-char -ffunction-sections -fdata-sections  -g3 -I"C:/Users/Adam/Downloads/CC3501-Lab3-TX (1)/CC3501-Lab3-TX/Static_Code/PDD" -I"C:/Users/Adam/Downloads/CC3501-Lab3-TX (1)/CC3501-Lab3-TX/Static_Code/IO_Map" -I"C:/Users/Adam/Downloads/CC3501-Lab3-TX (1)/CC3501-Lab3-TX/Sources" -I"C:/Users/Adam/Downloads/CC3501-Lab3-TX (1)/CC3501-Lab3-TX/Generated_Code" -std=c99 -MMD -MP -MF"Sources/Events.d" -MT"Sources/Events.o" -c -o "Sources/Events.o" "../Sources/Events.c"
Finished building: ../Sources/Events.c
 
Building file: ../Sources/main.c
Invoking: Cross ARM C Compiler
arm-none-eabi-gcc -mcpu=cortex-m4 -mthumb -O0 -fmessage-length=0 -fsigned-char -ffunction-sections -fdata-sections  -g3 -I"C:/Users/Adam/Downloads/CC3501-Lab3-TX (1)/CC3501-Lab3-TX/Static_Code/PDD" -I"C:/Users/Adam/Downloads/CC3501-Lab3-TX (1)/CC3501-Lab3-TX/Static_Code/IO_Map" -I"C:/Users/Adam/Downloads/CC3501-Lab3-TX (1)/CC3501-Lab3-TX/Sources" -I"C:/Users/Adam/Downloads/CC3501-Lab3-TX (1)/CC3501-Lab3-TX/Generated_Code" -std=c99 -MMD -MP -MF"Sources/main.d" -MT"Sources/main.o" -c -o "Sources/main.o" "../Sources/main.c"
../Sources/main.c: In function 'main':
../Sources/main.c:103:4: warning: implicit declaration of function 'abs' [-Wimplicit-function-declaration]
    Red_SetRatio16(abs(accel_data[0]));
    ^
../Sources/main.c:121:6: warning: implicit declaration of function 'strlen' [-Wimplicit-function-declaration]
      AS1_SendBlock(buf, strlen(buf), &sent);
      ^
../Sources/main.c:121:25: warning: incompatible implicit declaration of built-in function 'strlen' [enabled by default]
      AS1_SendBlock(buf, strlen(buf), &sent);
                         ^
Finished building: ../Sources/main.c
 
Building file: ../Project_Settings/Startup_Code/startup.c
Invoking: Cross ARM C Compiler
arm-none-eabi-gcc -mcpu=cortex-m4 -mthumb -O0 -fmessage-length=0 -fsigned-char -ffunction-sections -fdata-sections  -g3 -I"C:/Users/Adam/Downloads/CC3501-Lab3-TX (1)/CC3501-Lab3-TX/Static_Code/PDD" -I"C:/Users/Adam/Downloads/CC3501-Lab3-TX (1)/CC3501-Lab3-TX/Static_Code/IO_Map" -I"C:/Users/Adam/Downloads/CC3501-Lab3-TX (1)/CC3501-Lab3-TX/Sources" -I"C:/Users/Adam/Downloads/CC3501-Lab3-TX (1)/CC3501-Lab3-TX/Generated_Code" -std=c99 -MMD -MP -MF"Project_Settings/Startup_Code/startup.d" -MT"Project_Settings/Startup_Code/startup.o" -c -o "Project_Settings/Startup_Code/startup.o" "../Project_Settings/Startup_Code/startup.c"
Finished building: ../Project_Settings/Startup_Code/startup.c
 
Building file: ../Generated_Code/AS1.c
Invoking: Cross ARM C Compiler
arm-none-eabi-gcc -mcpu=cortex-m4 -mthumb -O0 -fmessage-length=0 -fsigned-char -ffunction-sections -fdata-sections  -g3 -I"C:/Users/Adam/Downloads/CC3501-Lab3-TX (1)/CC3501-Lab3-TX/Static_Code/PDD" -I"C:/Users/Adam/Downloads/CC3501-Lab3-TX (1)/CC3501-Lab3-TX/Static_Code/IO_Map" -I"C:/Users/Adam/Downloads/CC3501-Lab3-TX (1)/CC3501-Lab3-TX/Sources" -I"C:/Users/Adam/Downloads/CC3501-Lab3-TX (1)/CC3501-Lab3-TX/Generated_Code" -std=c99 -MMD -MP -MF"Generated_Code/AS1.d" -MT"Generated_Code/AS1.o" -c -o "Generated_Code/AS1.o" "../Generated_Code/AS1.c"
Finished building: ../Generated_Code/AS1.c
 
Building file: ../Generated_Code/ASerialLdd1.c
Invoking: Cross ARM C Compiler
arm-none-eabi-gcc -mcpu=cortex-m4 -mthumb -O0 -fmessage-length=0 -fsigned-char -ffunction-sections -fdata-sections  -g3 -I"C:/Users/Adam/Downloads/CC3501-Lab3-TX (1)/CC3501-Lab3-TX/Static_Code/PDD" -I"C:/Users/Adam/Downloads/CC3501-Lab3-TX (1)/CC3501-Lab3-TX/Static_Code/IO_Map" -I"C:/Users/Adam/Downloads/CC3501-Lab3-TX (1)/CC3501-Lab3-TX/Sources" -I"C:/Users/Adam/Downloads/CC3501-Lab3-TX (1)/CC3501-Lab3-TX/Generated_Code" -std=c99 -MMD -MP -MF"Generated_Code/ASerialLdd1.d" -MT"Generated_Code/ASerialLdd1.o" -c -o "Generated_Code/ASerialLdd1.o" "../Generated_Code/ASerialLdd1.c"
Finished building: ../Generated_Code/ASerialLdd1.c
 
Building file: ../Generated_Code/Blue.c
Invoking: Cross ARM C Compiler
arm-none-eabi-gcc -mcpu=cortex-m4 -mthumb -O0 -fmessage-length=0 -fsigned-char -ffunction-sections -fdata-sections  -g3 -I"C:/Users/Adam/Downloads/CC3501-Lab3-TX (1)/CC3501-Lab3-TX/Static_Code/PDD" -I"C:/Users/Adam/Downloads/CC3501-Lab3-TX (1)/CC3501-Lab3-TX/Static_Code/IO_Map" -I"C:/Users/Adam/Downloads/CC3501-Lab3-TX (1)/CC3501-Lab3-TX/Sources" -I"C:/Users/Adam/Downloads/CC3501-Lab3-TX (1)/CC3501-Lab3-TX/Generated_Code" -std=c99 -MMD -MP -MF"Generated_Code/Blue.d" -MT"Generated_Code/Blue.o" -c -o "Generated_Code/Blue.o" "../Generated_Code/Blue.c"
Finished building: ../Generated_Code/Blue.c
 
Building file: ../Generated_Code/Cpu.c
Invoking: Cross ARM C Compiler
arm-none-eabi-gcc -mcpu=cortex-m4 -mthumb -O0 -fmessage-length=0 -fsigned-char -ffunction-sections -fdata-sections  -g3 -I"C:/Users/Adam/Downloads/CC3501-Lab3-TX (1)/CC3501-Lab3-TX/Static_Code/PDD" -I"C:/Users/Adam/Downloads/CC3501-Lab3-TX (1)/CC3501-Lab3-TX/Static_Code/IO_Map" -I"C:/Users/Adam/Downloads/CC3501-Lab3-TX (1)/CC3501-Lab3-TX/Sources" -I"C:/Users/Adam/Downloads/CC3501-Lab3-TX (1)/CC3501-Lab3-TX/Generated_Code" -std=c99 -MMD -MP -MF"Generated_Code/Cpu.d" -MT"Generated_Code/Cpu.o" -c -o "Generated_Code/Cpu.o" "../Generated_Code/Cpu.c"
Finished building: ../Generated_Code/Cpu.c
 
Building file: ../Generated_Code/CsIO1.c
Invoking: Cross ARM C Compiler
arm-none-eabi-gcc -mcpu=cortex-m4 -mthumb -O0 -fmessage-length=0 -fsigned-char -ffunction-sections -fdata-sections  -g3 -I"C:/Users/Adam/Downloads/CC3501-Lab3-TX (1)/CC3501-Lab3-TX/Static_Code/PDD" -I"C:/Users/Adam/Downloads/CC3501-Lab3-TX (1)/CC3501-Lab3-TX/Static_Code/IO_Map" -I"C:/Users/Adam/Downloads/CC3501-Lab3-TX (1)/CC3501-Lab3-TX/Sources" -I"C:/Users/Adam/Downloads/CC3501-Lab3-TX (1)/CC3501-Lab3-TX/Generated_Code" -std=c99 -MMD -MP -MF"Generated_Code/CsIO1.d" -MT"Generated_Code/CsIO1.o" -c -o "Generated_Code/CsIO1.o" "../Generated_Code/CsIO1.c"
Finished building: ../Generated_Code/CsIO1.c
 
Building file: ../Generated_Code/FC.c
Invoking: Cross ARM C Compiler
arm-none-eabi-gcc -mcpu=cortex-m4 -mthumb -O0 -fmessage-length=0 -fsigned-char -ffunction-sections -fdata-sections  -g3 -I"C:/Users/Adam/Downloads/CC3501-Lab3-TX (1)/CC3501-Lab3-TX/Static_Code/PDD" -I"C:/Users/Adam/Downloads/CC3501-Lab3-TX (1)/CC3501-Lab3-TX/Static_Code/IO_Map" -I"C:/Users/Adam/Downloads/CC3501-Lab3-TX (1)/CC3501-Lab3-TX/Sources" -I"C:/Users/Adam/Downloads/CC3501-Lab3-TX (1)/CC3501-Lab3-TX/Generated_Code" -std=c99 -MMD -MP -MF"Generated_Code/FC.d" -MT"Generated_Code/FC.o" -c -o "Generated_Code/FC.o" "../Generated_Code/FC.c"
Finished building: ../Generated_Code/FC.c
 
Building file: ../Generated_Code/Green.c
Invoking: Cross ARM C Compiler
arm-none-eabi-gcc -mcpu=cortex-m4 -mthumb -O0 -fmessage-length=0 -fsigned-char -ffunction-sections -fdata-sections  -g3 -I"C:/Users/Adam/Downloads/CC3501-Lab3-TX (1)/CC3501-Lab3-TX/Static_Code/PDD" -I"C:/Users/Adam/Downloads/CC3501-Lab3-TX (1)/CC3501-Lab3-TX/Static_Code/IO_Map" -I"C:/Users/Adam/Downloads/CC3501-Lab3-TX (1)/CC3501-Lab3-TX/Sources" -I"C:/Users/Adam/Downloads/CC3501-Lab3-TX (1)/CC3501-Lab3-TX/Generated_Code" -std=c99 -MMD -MP -MF"Generated_Code/Green.d" -MT"Generated_Code/Green.o" -c -o "Generated_Code/Green.o" "../Generated_Code/Green.c"
Finished building: ../Generated_Code/Green.c
 
Building file: ../Generated_Code/I2C.c
Invoking: Cross ARM C Compiler
arm-none-eabi-gcc -mcpu=cortex-m4 -mthumb -O0 -fmessage-length=0 -fsigned-char -ffunction-sections -fdata-sections  -g3 -I"C:/Users/Adam/Downloads/CC3501-Lab3-TX (1)/CC3501-Lab3-TX/Static_Code/PDD" -I"C:/Users/Adam/Downloads/CC3501-Lab3-TX (1)/CC3501-Lab3-TX/Static_Code/IO_Map" -I"C:/Users/Adam/Downloads/CC3501-Lab3-TX (1)/CC3501-Lab3-TX/Sources" -I"C:/Users/Adam/Downloads/CC3501-Lab3-TX (1)/CC3501-Lab3-TX/Generated_Code" -std=c99 -MMD -MP -MF"Generated_Code/I2C.d" -MT"Generated_Code/I2C.o" -c -o "Generated_Code/I2C.o" "../Generated_Code/I2C.c"
Finished building: ../Generated_Code/I2C.c
 
Building file: ../Generated_Code/IO1.c
Invoking: Cross ARM C Compiler
arm-none-eabi-gcc -mcpu=cortex-m4 -mthumb -O0 -fmessage-length=0 -fsigned-char -ffunction-sections -fdata-sections  -g3 -I"C:/Users/Adam/Downloads/CC3501-Lab3-TX (1)/CC3501-Lab3-TX/Static_Code/PDD" -I"C:/Users/Adam/Downloads/CC3501-Lab3-TX (1)/CC3501-Lab3-TX/Static_Code/IO_Map" -I"C:/Users/Adam/Downloads/CC3501-Lab3-TX (1)/CC3501-Lab3-TX/Sources" -I"C:/Users/Adam/Downloads/CC3501-Lab3-TX (1)/CC3501-Lab3-TX/Generated_Code" -std=c99 -MMD -MP -MF"Generated_Code/IO1.d" -MT"Generated_Code/IO1.o" -c -o "Generated_Code/IO1.o" "../Generated_Code/IO1.c"
Finished building: ../Generated_Code/IO1.c
 
Building file: ../Generated_Code/IntI2cLdd1.c
Invoking: Cross ARM C Compiler
arm-none-eabi-gcc -mcpu=cortex-m4 -mthumb -O0 -fmessage-length=0 -fsigned-char -ffunction-sections -fdata-sections  -g3 -I"C:/Users/Adam/Downloads/CC3501-Lab3-TX (1)/CC3501-Lab3-TX/Static_Code/PDD" -I"C:/Users/Adam/Downloads/CC3501-Lab3-TX (1)/CC3501-Lab3-TX/Static_Code/IO_Map" -I"C:/Users/Adam/Downloads/CC3501-Lab3-TX (1)/CC3501-Lab3-TX/Sources" -I"C:/Users/Adam/Downloads/CC3501-Lab3-TX (1)/CC3501-Lab3-TX/Generated_Code" -std=c99 -MMD -MP -MF"Generated_Code/IntI2cLdd1.d" -MT"Generated_Code/IntI2cLdd1.o" -c -o "Generated_Code/IntI2cLdd1.o" "../Generated_Code/IntI2cLdd1.c"
Finished building: ../Generated_Code/IntI2cLdd1.c
 
Building file: ../Generated_Code/PE_LDD.c
Invoking: Cross ARM C Compiler
arm-none-eabi-gcc -mcpu=cortex-m4 -mthumb -O0 -fmessage-length=0 -fsigned-char -ffunction-sections -fdata-sections  -g3 -I"C:/Users/Adam/Downloads/CC3501-Lab3-TX (1)/CC3501-Lab3-TX/Static_Code/PDD" -I"C:/Users/Adam/Downloads/CC3501-Lab3-TX (1)/CC3501-Lab3-TX/Static_Code/IO_Map" -I"C:/Users/Adam/Downloads/CC3501-Lab3-TX (1)/CC3501-Lab3-TX/Sources" -I"C:/Users/Adam/Downloads/CC3501-Lab3-TX (1)/CC3501-Lab3-TX/Generated_Code" -std=c99 -MMD -MP -MF"Generated_Code/PE_LDD.d" -MT"Generated_Code/PE_LDD.o" -c -o "Generated_Code/PE_LDD.o" "../Generated_Code/PE_LDD.c"
Finished building: ../Generated_Code/PE_LDD.c
 
Building file: ../Generated_Code/PwmLdd1.c
Invoking: Cross ARM C Compiler
arm-none-eabi-gcc -mcpu=cortex-m4 -mthumb -O0 -fmessage-length=0 -fsigned-char -ffunction-sections -fdata-sections  -g3 -I"C:/Users/Adam/Downloads/CC3501-Lab3-TX (1)/CC3501-Lab3-TX/Static_Code/PDD" -I"C:/Users/Adam/Downloads/CC3501-Lab3-TX (1)/CC3501-Lab3-TX/Static_Code/IO_Map" -I"C:/Users/Adam/Downloads/CC3501-Lab3-TX (1)/CC3501-Lab3-TX/Sources" -I"C:/Users/Adam/Downloads/CC3501-Lab3-TX (1)/CC3501-Lab3-TX/Generated_Code" -std=c99 -MMD -MP -MF"Generated_Code/PwmLdd1.d" -MT"Generated_Code/PwmLdd1.o" -c -o "Generated_Code/PwmLdd1.o" "../Generated_Code/PwmLdd1.c"
Finished building: ../Generated_Code/PwmLdd1.c
 
Building file: ../Generated_Code/PwmLdd2.c
Invoking: Cross ARM C Compiler
arm-none-eabi-gcc -mcpu=cortex-m4 -mthumb -O0 -fmessage-length=0 -fsigned-char -ffunction-sections -fdata-sections  -g3 -I"C:/Users/Adam/Downloads/CC3501-Lab3-TX (1)/CC3501-Lab3-TX/Static_Code/PDD" -I"C:/Users/Adam/Downloads/CC3501-Lab3-TX (1)/CC3501-Lab3-TX/Static_Code/IO_Map" -I"C:/Users/Adam/Downloads/CC3501-Lab3-TX (1)/CC3501-Lab3-TX/Sources" -I"C:/Users/Adam/Downloads/CC3501-Lab3-TX (1)/CC3501-Lab3-TX/Generated_Code" -std=c99 -MMD -MP -MF"Generated_Code/PwmLdd2.d" -MT"Generated_Code/PwmLdd2.o" -c -o "Generated_Code/PwmLdd2.o" "../Generated_Code/PwmLdd2.c"
Finished building: ../Generated_Code/PwmLdd2.c
 
Building file: ../Generated_Code/PwmLdd3.c
Invoking: Cross ARM C Compiler
arm-none-eabi-gcc -mcpu=cortex-m4 -mthumb -O0 -fmessage-length=0 -fsigned-char -ffunction-sections -fdata-sections  -g3 -I"C:/Users/Adam/Downloads/CC3501-Lab3-TX (1)/CC3501-Lab3-TX/Static_Code/PDD" -I"C:/Users/Adam/Downloads/CC3501-Lab3-TX (1)/CC3501-Lab3-TX/Static_Code/IO_Map" -I"C:/Users/Adam/Downloads/CC3501-Lab3-TX (1)/CC3501-Lab3-TX/Sources" -I"C:/Users/Adam/Downloads/CC3501-Lab3-TX (1)/CC3501-Lab3-TX/Generated_Code" -std=c99 -MMD -MP -MF"Generated_Code/PwmLdd3.d" -MT"Generated_Code/PwmLdd3.o" -c -o "Generated_Code/PwmLdd3.o" "../Generated_Code/PwmLdd3.c"
Finished building: ../Generated_Code/PwmLdd3.c
 
Building file: ../Generated_Code/RealTimeLdd1.c
Invoking: Cross ARM C Compiler
arm-none-eabi-gcc -mcpu=cortex-m4 -mthumb -O0 -fmessage-length=0 -fsigned-char -ffunction-sections -fdata-sections  -g3 -I"C:/Users/Adam/Downloads/CC3501-Lab3-TX (1)/CC3501-Lab3-TX/Static_Code/PDD" -I"C:/Users/Adam/Downloads/CC3501-Lab3-TX (1)/CC3501-Lab3-TX/Static_Code/IO_Map" -I"C:/Users/Adam/Downloads/CC3501-Lab3-TX (1)/CC3501-Lab3-TX/Sources" -I"C:/Users/Adam/Downloads/CC3501-Lab3-TX (1)/CC3501-Lab3-TX/Generated_Code" -std=c99 -MMD -MP -MF"Generated_Code/RealTimeLdd1.d" -MT"Generated_Code/RealTimeLdd1.o" -c -o "Generated_Code/RealTimeLdd1.o" "../Generated_Code/RealTimeLdd1.c"
Finished building: ../Generated_Code/RealTimeLdd1.c
 
Building file: ../Generated_Code/Red.c
Invoking: Cross ARM C Compiler
arm-none-eabi-gcc -mcpu=cortex-m4 -mthumb -O0 -fmessage-length=0 -fsigned-char -ffunction-sections -fdata-sections  -g3 -I"C:/Users/Adam/Downloads/CC3501-Lab3-TX (1)/CC3501-Lab3-TX/Static_Code/PDD" -I"C:/Users/Adam/Downloads/CC3501-Lab3-TX (1)/CC3501-Lab3-TX/Static_Code/IO_Map" -I"C:/Users/Adam/Downloads/CC3501-Lab3-TX (1)/CC3501-Lab3-TX/Sources" -I"C:/Users/Adam/Downloads/CC3501-Lab3-TX (1)/CC3501-Lab3-TX/Generated_Code" -std=c99 -MMD -MP -MF"Generated_Code/Red.d" -MT"Generated_Code/Red.o" -c -o "Generated_Code/Red.o" "../Generated_Code/Red.c"
Finished building: ../Generated_Code/Red.c
 
Building file: ../Generated_Code/TU1.c
Invoking: Cross ARM C Compiler
arm-none-eabi-gcc -mcpu=cortex-m4 -mthumb -O0 -fmessage-length=0 -fsigned-char -ffunction-sections -fdata-sections  -g3 -I"C:/Users/Adam/Downloads/CC3501-Lab3-TX (1)/CC3501-Lab3-TX/Static_Code/PDD" -I"C:/Users/Adam/Downloads/CC3501-Lab3-TX (1)/CC3501-Lab3-TX/Static_Code/IO_Map" -I"C:/Users/Adam/Downloads/CC3501-Lab3-TX (1)/CC3501-Lab3-TX/Sources" -I"C:/Users/Adam/Downloads/CC3501-Lab3-TX (1)/CC3501-Lab3-TX/Generated_Code" -std=c99 -MMD -MP -MF"Generated_Code/TU1.d" -MT"Generated_Code/TU1.o" -c -o "Generated_Code/TU1.o" "../Generated_Code/TU1.c"
Finished building: ../Generated_Code/TU1.c
 
Building file: ../Generated_Code/TU2.c
Invoking: Cross ARM C Compiler
arm-none-eabi-gcc -mcpu=cortex-m4 -mthumb -O0 -fmessage-length=0 -fsigned-char -ffunction-sections -fdata-sections  -g3 -I"C:/Users/Adam/Downloads/CC3501-Lab3-TX (1)/CC3501-Lab3-TX/Static_Code/PDD" -I"C:/Users/Adam/Downloads/CC3501-Lab3-TX (1)/CC3501-Lab3-TX/Static_Code/IO_Map" -I"C:/Users/Adam/Downloads/CC3501-Lab3-TX (1)/CC3501-Lab3-TX/Sources" -I"C:/Users/Adam/Downloads/CC3501-Lab3-TX (1)/CC3501-Lab3-TX/Generated_Code" -std=c99 -MMD -MP -MF"Generated_Code/TU2.d" -MT"Generated_Code/TU2.o" -c -o "Generated_Code/TU2.o" "../Generated_Code/TU2.c"
Finished building: ../Generated_Code/TU2.c
 
Building file: ../Generated_Code/Vectors.c
Invoking: Cross ARM C Compiler
arm-none-eabi-gcc -mcpu=cortex-m4 -mthumb -O0 -fmessage-length=0 -fsigned-char -ffunction-sections -fdata-sections  -g3 -I"C:/Users/Adam/Downloads/CC3501-Lab3-TX (1)/CC3501-Lab3-TX/Static_Code/PDD" -I"C:/Users/Adam/Downloads/CC3501-Lab3-TX (1)/CC3501-Lab3-TX/Static_Code/IO_Map" -I"C:/Users/Adam/Downloads/CC3501-Lab3-TX (1)/CC3501-Lab3-TX/Sources" -I"C:/Users/Adam/Downloads/CC3501-Lab3-TX (1)/CC3501-Lab3-TX/Generated_Code" -std=c99 -MMD -MP -MF"Generated_Code/Vectors.d" -MT"Generated_Code/Vectors.o" -c -o "Generated_Code/Vectors.o" "../Generated_Code/Vectors.c"
Finished building: ../Generated_Code/Vectors.c
 
Building target: CC3501-Lab3-TX.elf
Invoking: Cross ARM C++ Linker
arm-none-eabi-g++ -mcpu=cortex-m4 -mthumb -O0 -fmessage-length=0 -fsigned-char -ffunction-sections -fdata-sections  -g3 -T "C:/Users/Adam/Downloads/CC3501-Lab3-TX (1)/CC3501-Lab3-TX/Project_Settings/Linker_Files/ProcessorExpert.ld" -Xlinker --gc-sections -L"C:/Users/Adam/Downloads/CC3501-Lab3-TX (1)/CC3501-Lab3-TX/Project_Settings/Linker_Files" -Wl,-Map,"CC3501-Lab3-TX.map" -specs=nano.specs -specs=nosys.specs -o "CC3501-Lab3-TX.elf"  ./Sources/Events.o ./Sources/main.o  ./Project_Settings/Startup_Code/startup.o  ./Generated_Code/AS1.o ./Generated_Code/ASerialLdd1.o ./Generated_Code/Blue.o ./Generated_Code/Cpu.o ./Generated_Code/CsIO1.o ./Generated_Code/FC.o ./Generated_Code/Green.o ./Generated_Code/I2C.o ./Generated_Code/IO1.o ./Generated_Code/IntI2cLdd1.o ./Generated_Code/PE_LDD.o ./Generated_Code/PwmLdd1.o ./Generated_Code/PwmLdd2.o ./Generated_Code/PwmLdd3.o ./Generated_Code/RealTimeLdd1.o ./Generated_Code/Red.o ./Generated_Code/TU1.o ./Generated_Code/TU2.o ./Generated_Code/Vectors.o   
Finished building target: CC3501-Lab3-TX.elf
 

23:51:11 Build Finished (took 6s.805ms)

