23:47:54 **** Build of configuration Debug for project River_Drifter_Rx ****
make all 
Building file: ../Generated_Code/AdcLdd1.c
Invoking: Cross ARM C Compiler
arm-none-eabi-gcc -mcpu=cortex-m4 -mthumb -O0 -fmessage-length=0 -fsigned-char -ffunction-sections -fdata-sections  -g3 -I"C:/Users/Adam/Documents/GitHub/River_Drifter/River_Drifter_Rx/Static_Code/PDD" -I"C:/Users/Adam/Documents/GitHub/River_Drifter/River_Drifter_Rx/Static_Code/IO_Map" -I"C:/Users/Adam/Documents/GitHub/River_Drifter/River_Drifter_Rx/Sources" -I"C:/Users/Adam/Documents/GitHub/River_Drifter/River_Drifter_Rx/Generated_Code" -std=c99 -MMD -MP -MF"Generated_Code/AdcLdd1.d" -MT"Generated_Code/AdcLdd1.o" -c -o "Generated_Code/AdcLdd1.o" "../Generated_Code/AdcLdd1.c"
Finished building: ../Generated_Code/AdcLdd1.c
 
Building file: ../Generated_Code/BitIoLdd1.c
Invoking: Cross ARM C Compiler
arm-none-eabi-gcc -mcpu=cortex-m4 -mthumb -O0 -fmessage-length=0 -fsigned-char -ffunction-sections -fdata-sections  -g3 -I"C:/Users/Adam/Documents/GitHub/River_Drifter/River_Drifter_Rx/Static_Code/PDD" -I"C:/Users/Adam/Documents/GitHub/River_Drifter/River_Drifter_Rx/Static_Code/IO_Map" -I"C:/Users/Adam/Documents/GitHub/River_Drifter/River_Drifter_Rx/Sources" -I"C:/Users/Adam/Documents/GitHub/River_Drifter/River_Drifter_Rx/Generated_Code" -std=c99 -MMD -MP -MF"Generated_Code/BitIoLdd1.d" -MT"Generated_Code/BitIoLdd1.o" -c -o "Generated_Code/BitIoLdd1.o" "../Generated_Code/BitIoLdd1.c"
Finished building: ../Generated_Code/BitIoLdd1.c
 
Building file: ../Generated_Code/BitIoLdd2.c
Invoking: Cross ARM C Compiler
arm-none-eabi-gcc -mcpu=cortex-m4 -mthumb -O0 -fmessage-length=0 -fsigned-char -ffunction-sections -fdata-sections  -g3 -I"C:/Users/Adam/Documents/GitHub/River_Drifter/River_Drifter_Rx/Static_Code/PDD" -I"C:/Users/Adam/Documents/GitHub/River_Drifter/River_Drifter_Rx/Static_Code/IO_Map" -I"C:/Users/Adam/Documents/GitHub/River_Drifter/River_Drifter_Rx/Sources" -I"C:/Users/Adam/Documents/GitHub/River_Drifter/River_Drifter_Rx/Generated_Code" -std=c99 -MMD -MP -MF"Generated_Code/BitIoLdd2.d" -MT"Generated_Code/BitIoLdd2.o" -c -o "Generated_Code/BitIoLdd2.o" "../Generated_Code/BitIoLdd2.c"
Finished building: ../Generated_Code/BitIoLdd2.c
 
Building file: ../Generated_Code/Cpu.c
Invoking: Cross ARM C Compiler
arm-none-eabi-gcc -mcpu=cortex-m4 -mthumb -O0 -fmessage-length=0 -fsigned-char -ffunction-sections -fdata-sections  -g3 -I"C:/Users/Adam/Documents/GitHub/River_Drifter/River_Drifter_Rx/Static_Code/PDD" -I"C:/Users/Adam/Documents/GitHub/River_Drifter/River_Drifter_Rx/Static_Code/IO_Map" -I"C:/Users/Adam/Documents/GitHub/River_Drifter/River_Drifter_Rx/Sources" -I"C:/Users/Adam/Documents/GitHub/River_Drifter/River_Drifter_Rx/Generated_Code" -std=c99 -MMD -MP -MF"Generated_Code/Cpu.d" -MT"Generated_Code/Cpu.o" -c -o "Generated_Code/Cpu.o" "../Generated_Code/Cpu.c"
Finished building: ../Generated_Code/Cpu.c
 
Building file: ../Generated_Code/DIR_33V.c
Invoking: Cross ARM C Compiler
arm-none-eabi-gcc -mcpu=cortex-m4 -mthumb -O0 -fmessage-length=0 -fsigned-char -ffunction-sections -fdata-sections  -g3 -I"C:/Users/Adam/Documents/GitHub/River_Drifter/River_Drifter_Rx/Static_Code/PDD" -I"C:/Users/Adam/Documents/GitHub/River_Drifter/River_Drifter_Rx/Static_Code/IO_Map" -I"C:/Users/Adam/Documents/GitHub/River_Drifter/River_Drifter_Rx/Sources" -I"C:/Users/Adam/Documents/GitHub/River_Drifter/River_Drifter_Rx/Generated_Code" -std=c99 -MMD -MP -MF"Generated_Code/DIR_33V.d" -MT"Generated_Code/DIR_33V.o" -c -o "Generated_Code/DIR_33V.o" "../Generated_Code/DIR_33V.c"
Finished building: ../Generated_Code/DIR_33V.c
 
Building file: ../Generated_Code/ExtIntLdd1.c
Invoking: Cross ARM C Compiler
arm-none-eabi-gcc -mcpu=cortex-m4 -mthumb -O0 -fmessage-length=0 -fsigned-char -ffunction-sections -fdata-sections  -g3 -I"C:/Users/Adam/Documents/GitHub/River_Drifter/River_Drifter_Rx/Static_Code/PDD" -I"C:/Users/Adam/Documents/GitHub/River_Drifter/River_Drifter_Rx/Static_Code/IO_Map" -I"C:/Users/Adam/Documents/GitHub/River_Drifter/River_Drifter_Rx/Sources" -I"C:/Users/Adam/Documents/GitHub/River_Drifter/River_Drifter_Rx/Generated_Code" -std=c99 -MMD -MP -MF"Generated_Code/ExtIntLdd1.d" -MT"Generated_Code/ExtIntLdd1.o" -c -o "Generated_Code/ExtIntLdd1.o" "../Generated_Code/ExtIntLdd1.c"
Finished building: ../Generated_Code/ExtIntLdd1.c
 
Building file: ../Generated_Code/Hall_Effect_A.c
Invoking: Cross ARM C Compiler
arm-none-eabi-gcc -mcpu=cortex-m4 -mthumb -O0 -fmessage-length=0 -fsigned-char -ffunction-sections -fdata-sections  -g3 -I"C:/Users/Adam/Documents/GitHub/River_Drifter/River_Drifter_Rx/Static_Code/PDD" -I"C:/Users/Adam/Documents/GitHub/River_Drifter/River_Drifter_Rx/Static_Code/IO_Map" -I"C:/Users/Adam/Documents/GitHub/River_Drifter/River_Drifter_Rx/Sources" -I"C:/Users/Adam/Documents/GitHub/River_Drifter/River_Drifter_Rx/Generated_Code" -std=c99 -MMD -MP -MF"Generated_Code/Hall_Effect_A.d" -MT"Generated_Code/Hall_Effect_A.o" -c -o "Generated_Code/Hall_Effect_A.o" "../Generated_Code/Hall_Effect_A.c"
Finished building: ../Generated_Code/Hall_Effect_A.c
 
Building file: ../Generated_Code/NOT_PWM.c
Invoking: Cross ARM C Compiler
arm-none-eabi-gcc -mcpu=cortex-m4 -mthumb -O0 -fmessage-length=0 -fsigned-char -ffunction-sections -fdata-sections  -g3 -I"C:/Users/Adam/Documents/GitHub/River_Drifter/River_Drifter_Rx/Static_Code/PDD" -I"C:/Users/Adam/Documents/GitHub/River_Drifter/River_Drifter_Rx/Static_Code/IO_Map" -I"C:/Users/Adam/Documents/GitHub/River_Drifter/River_Drifter_Rx/Sources" -I"C:/Users/Adam/Documents/GitHub/River_Drifter/River_Drifter_Rx/Generated_Code" -std=c99 -MMD -MP -MF"Generated_Code/NOT_PWM.d" -MT"Generated_Code/NOT_PWM.o" -c -o "Generated_Code/NOT_PWM.o" "../Generated_Code/NOT_PWM.c"
Finished building: ../Generated_Code/NOT_PWM.c
 
Building file: ../Generated_Code/PE_LDD.c
Invoking: Cross ARM C Compiler
arm-none-eabi-gcc -mcpu=cortex-m4 -mthumb -O0 -fmessage-length=0 -fsigned-char -ffunction-sections -fdata-sections  -g3 -I"C:/Users/Adam/Documents/GitHub/River_Drifter/River_Drifter_Rx/Static_Code/PDD" -I"C:/Users/Adam/Documents/GitHub/River_Drifter/River_Drifter_Rx/Static_Code/IO_Map" -I"C:/Users/Adam/Documents/GitHub/River_Drifter/River_Drifter_Rx/Sources" -I"C:/Users/Adam/Documents/GitHub/River_Drifter/River_Drifter_Rx/Generated_Code" -std=c99 -MMD -MP -MF"Generated_Code/PE_LDD.d" -MT"Generated_Code/PE_LDD.o" -c -o "Generated_Code/PE_LDD.o" "../Generated_Code/PE_LDD.c"
Finished building: ../Generated_Code/PE_LDD.c
 
Building file: ../Generated_Code/Pressure_Out.c
Invoking: Cross ARM C Compiler
arm-none-eabi-gcc -mcpu=cortex-m4 -mthumb -O0 -fmessage-length=0 -fsigned-char -ffunction-sections -fdata-sections  -g3 -I"C:/Users/Adam/Documents/GitHub/River_Drifter/River_Drifter_Rx/Static_Code/PDD" -I"C:/Users/Adam/Documents/GitHub/River_Drifter/River_Drifter_Rx/Static_Code/IO_Map" -I"C:/Users/Adam/Documents/GitHub/River_Drifter/River_Drifter_Rx/Sources" -I"C:/Users/Adam/Documents/GitHub/River_Drifter/River_Drifter_Rx/Generated_Code" -std=c99 -MMD -MP -MF"Generated_Code/Pressure_Out.d" -MT"Generated_Code/Pressure_Out.o" -c -o "Generated_Code/Pressure_Out.o" "../Generated_Code/Pressure_Out.c"
Finished building: ../Generated_Code/Pressure_Out.c
 
Building file: ../Generated_Code/TU1.c
Invoking: Cross ARM C Compiler
arm-none-eabi-gcc -mcpu=cortex-m4 -mthumb -O0 -fmessage-length=0 -fsigned-char -ffunction-sections -fdata-sections  -g3 -I"C:/Users/Adam/Documents/GitHub/River_Drifter/River_Drifter_Rx/Static_Code/PDD" -I"C:/Users/Adam/Documents/GitHub/River_Drifter/River_Drifter_Rx/Static_Code/IO_Map" -I"C:/Users/Adam/Documents/GitHub/River_Drifter/River_Drifter_Rx/Sources" -I"C:/Users/Adam/Documents/GitHub/River_Drifter/River_Drifter_Rx/Generated_Code" -std=c99 -MMD -MP -MF"Generated_Code/TU1.d" -MT"Generated_Code/TU1.o" -c -o "Generated_Code/TU1.o" "../Generated_Code/TU1.c"
Finished building: ../Generated_Code/TU1.c
 
Building file: ../Generated_Code/Vectors.c
Invoking: Cross ARM C Compiler
arm-none-eabi-gcc -mcpu=cortex-m4 -mthumb -O0 -fmessage-length=0 -fsigned-char -ffunction-sections -fdata-sections  -g3 -I"C:/Users/Adam/Documents/GitHub/River_Drifter/River_Drifter_Rx/Static_Code/PDD" -I"C:/Users/Adam/Documents/GitHub/River_Drifter/River_Drifter_Rx/Static_Code/IO_Map" -I"C:/Users/Adam/Documents/GitHub/River_Drifter/River_Drifter_Rx/Sources" -I"C:/Users/Adam/Documents/GitHub/River_Drifter/River_Drifter_Rx/Generated_Code" -std=c99 -MMD -MP -MF"Generated_Code/Vectors.d" -MT"Generated_Code/Vectors.o" -c -o "Generated_Code/Vectors.o" "../Generated_Code/Vectors.c"
Finished building: ../Generated_Code/Vectors.c
 
Building target: River_Drifter.elf
Invoking: Cross ARM C++ Linker
arm-none-eabi-g++ -mcpu=cortex-m4 -mthumb -O0 -fmessage-length=0 -fsigned-char -ffunction-sections -fdata-sections  -g3 -T "C:/Users/Adam/Documents/GitHub/River_Drifter/River_Drifter_Rx/Project_Settings/Linker_Files/ProcessorExpert.ld" -Xlinker --gc-sections -L"C:/Users/Adam/Documents/GitHub/River_Drifter/River_Drifter_Rx/Project_Settings/Linker_Files" -Wl,-Map,"River_Drifter.map" -specs=nano.specs -specs=nosys.specs -o "River_Drifter.elf"  ./Sources/Events.o ./Sources/main.o  ./Project_Settings/Startup_Code/startup.o  ./Generated_Code/AdcLdd1.o ./Generated_Code/BitIoLdd1.o ./Generated_Code/BitIoLdd2.o ./Generated_Code/Cpu.o ./Generated_Code/DIR_33V.o ./Generated_Code/ExtIntLdd1.o ./Generated_Code/Hall_Effect_A.o ./Generated_Code/NOT_PWM.o ./Generated_Code/PE_LDD.o ./Generated_Code/Pressure_Out.o ./Generated_Code/TU1.o ./Generated_Code/Vectors.o   
Finished building target: River_Drifter.elf
 

23:47:58 Build Finished (took 3s.741ms)

